<?xml version="1.0" encoding="UTF-8"?>
<robot generator="Robot 3.2.1 (Python 3.6.5 on win32)" generated="20200809 15:45:19.409" rpa="false">
<suite id="s1" name="Task 003" source="D:\project_learn\RF\Task003\Task_003.robot">
<test id="s1-t1" name="case1">
<kw name="Del Lesson" library="check_lesson" type="setup">
<doc>根据课程ID，删除所有课程</doc>
<status status="PASS" starttime="20200809 15:45:19.631" endtime="20200809 15:45:19.996"></status>
</kw>
<kw name="Log To Console" library="BuiltIn">
<doc>Logs the given message to the console.</doc>
<arguments>
<arg>课程清除成功</arg>
</arguments>
<status status="PASS" starttime="20200809 15:45:19.996" endtime="20200809 15:45:19.997"></status>
</kw>
<kw name="Add Lesson" library="check_lesson">
<doc>添加一个课程</doc>
<status status="PASS" starttime="20200809 15:45:19.997" endtime="20200809 15:45:20.197"></status>
</kw>
<kw name="Create List" library="BuiltIn">
<doc>Returns a list containing given items.</doc>
<arguments>
<arg>初中化学</arg>
</arguments>
<assign>
<var>${lesson_name}</var>
</assign>
<msg timestamp="20200809 15:45:20.198" level="INFO">${lesson_name} = ['初中化学']</msg>
<status status="PASS" starttime="20200809 15:45:20.198" endtime="20200809 15:45:20.198"></status>
</kw>
<kw name="Assert Lesson" library="check_lesson">
<doc>获取课程名称列表</doc>
<assign>
<var>${expected}</var>
</assign>
<msg timestamp="20200809 15:45:20.373" level="INFO">${expected} = ['初中化学']</msg>
<status status="PASS" starttime="20200809 15:45:20.199" endtime="20200809 15:45:20.373"></status>
</kw>
<kw name="Should Be True" library="BuiltIn">
<doc>Fails if the given condition is not true.</doc>
<arguments>
<arg>${lesson_name} == ${expected}</arg>
</arguments>
<status status="PASS" starttime="20200809 15:45:20.374" endtime="20200809 15:45:20.374"></status>
</kw>
<status status="PASS" starttime="20200809 15:45:19.630" endtime="20200809 15:45:20.375" critical="yes"></status>
</test>
<status status="PASS" starttime="20200809 15:45:19.412" endtime="20200809 15:45:20.377"></status>
</suite>
<statistics>
<total>
<stat pass="1" fail="0">Critical Tests</stat>
<stat pass="1" fail="0">All Tests</stat>
</total>
<tag>
</tag>
<suite>
<stat pass="1" fail="0" id="s1" name="Task 003">Task 003</stat>
</suite>
</statistics>
<errors>
</errors>
</robot>
