<?xml version="1.0" encoding="UTF-8"?>
<robot generator="Robot 3.2.1 (Python 3.6.5 on win32)" generated="20200808 23:02:45.667" rpa="false">
<suite id="s1" name="Task 002" source="D:\project_learn\RF\Task002\Task_002.robot">
<test id="s1-t1" name="用例1">
<kw name="List Course" library="course_mgr">
<assign>
<var>${courseList}</var>
</assign>
<msg timestamp="20200808 23:02:48.591" level="INFO">${courseList} = ['小学语文']</msg>
<status status="PASS" starttime="20200808 23:02:46.145" endtime="20200808 23:02:48.591"></status>
</kw>
<kw name="${one} IN [ @{courseList} ]" type="for">
<kw name="${one} = 小学语文" type="foritem">
<kw name="Log To Console" library="BuiltIn">
<doc>Logs the given message to the console.</doc>
<arguments>
<arg>${one}</arg>
</arguments>
<status status="PASS" starttime="20200808 23:02:48.592" endtime="20200808 23:02:48.593"></status>
</kw>
<status status="PASS" starttime="20200808 23:02:48.592" endtime="20200808 23:02:48.593"></status>
</kw>
<status status="PASS" starttime="20200808 23:02:48.592" endtime="20200808 23:02:48.593"></status>
</kw>
<kw name="Create List" library="BuiltIn">
<doc>Returns a list containing given items.</doc>
<arguments>
<arg>小学语文</arg>
</arguments>
<assign>
<var>${expected}</var>
</assign>
<msg timestamp="20200808 23:02:48.594" level="INFO">${expected} = ['小学语文']</msg>
<status status="PASS" starttime="20200808 23:02:48.594" endtime="20200808 23:02:48.594"></status>
</kw>
<kw name="Should Be Equal" library="BuiltIn">
<doc>Fails if the given objects are unequal.</doc>
<arguments>
<arg>${courseList}</arg>
<arg>${expected}</arg>
</arguments>
<status status="PASS" starttime="20200808 23:02:48.594" endtime="20200808 23:02:48.595"></status>
</kw>
<status status="PASS" starttime="20200808 23:02:46.143" endtime="20200808 23:02:48.596" critical="yes"></status>
</test>
<test id="s1-t2" name="用例2">
<kw name="Open Browser" library="SeleniumLibrary">
<doc>Opens a new browser instance to the optional ``url``.</doc>
<arguments>
<arg>https://www.vmall.com</arg>
<arg>chrome</arg>
</arguments>
<msg timestamp="20200808 23:02:48.601" level="INFO">Opening browser 'chrome' to base url 'https://www.vmall.com'.</msg>
<status status="PASS" starttime="20200808 23:02:48.600" endtime="20200808 23:02:52.873"></status>
</kw>
<kw name="Set Selenium Implicit Wait" library="SeleniumLibrary">
<doc>Sets the implicit wait value used by Selenium.</doc>
<arguments>
<arg>3</arg>
</arguments>
<status status="PASS" starttime="20200808 23:02:52.874" endtime="20200808 23:02:52.877"></status>
</kw>
<kw name="Get WebElements" library="SeleniumLibrary">
<doc>Returns a list of WebElement objects matching the ``locator``.</doc>
<arguments>
<arg>CSS= .fl&gt;ul.grid-list.clearfix &gt;li &gt;a &gt; .grid-title</arg>
</arguments>
<assign>
<var>${name}</var>
</assign>
<msg timestamp="20200808 23:02:52.912" level="INFO">${name} = [&lt;selenium.webdriver.remote.webelement.WebElement (session="a04c1e2565d93b3b17f71bab431a7c45", element="05f09784-4511-4bab-b0d0-55a103adf7f2")&gt;, &lt;selenium.webdriver.remote.webelement.WebElement (sessi...</msg>
<status status="PASS" starttime="20200808 23:02:52.878" endtime="20200808 23:02:52.912"></status>
</kw>
<kw name="${one} IN [ @{name} ]" type="for">
<kw name="${one} = &lt;selenium.webdriver.remote.webelement.WebElement (session=&quot;a04c1e2565d93b3b17f71bab431a7c45&quot;, element=&quot;05f09784-4511-4bab-b0d0-55a103adf7f2&quot;)&gt;" type="foritem">
<kw name="Log To Console" library="BuiltIn">
<doc>Logs the given message to the console.</doc>
<arguments>
<arg>${one.text}</arg>
</arguments>
<status status="PASS" starttime="20200808 23:02:52.913" endtime="20200808 23:02:52.952"></status>
</kw>
<status status="PASS" starttime="20200808 23:02:52.913" endtime="20200808 23:02:52.952"></status>
</kw>
<kw name="${one} = &lt;selenium.webdriver.remote.webelement.WebElement (session=&quot;a04c1e2565d93b3b17f71bab431a7c45&quot;, element=&quot;a0b772cb-dfe2-4cd6-86e5-1d359affdd8b&quot;)&gt;" type="foritem">
<kw name="Log To Console" library="BuiltIn">
<doc>Logs the given message to the console.</doc>
<arguments>
<arg>${one.text}</arg>
</arguments>
<status status="PASS" starttime="20200808 23:02:52.952" endtime="20200808 23:02:53.001"></status>
</kw>
<status status="PASS" starttime="20200808 23:02:52.952" endtime="20200808 23:02:53.001"></status>
</kw>
<kw name="${one} = &lt;selenium.webdriver.remote.webelement.WebElement (session=&quot;a04c1e2565d93b3b17f71bab431a7c45&quot;, element=&quot;df3571c9-f500-4bab-95f2-c12a3b1ee9ce&quot;)&gt;" type="foritem">
<kw name="Log To Console" library="BuiltIn">
<doc>Logs the given message to the console.</doc>
<arguments>
<arg>${one.text}</arg>
</arguments>
<status status="PASS" starttime="20200808 23:02:53.002" endtime="20200808 23:02:53.108"></status>
</kw>
<status status="PASS" starttime="20200808 23:02:53.001" endtime="20200808 23:02:53.108"></status>
</kw>
<kw name="${one} = &lt;selenium.webdriver.remote.webelement.WebElement (session=&quot;a04c1e2565d93b3b17f71bab431a7c45&quot;, element=&quot;34eb7308-39b3-4caf-ab87-16f40bcf205c&quot;)&gt;" type="foritem">
<kw name="Log To Console" library="BuiltIn">
<doc>Logs the given message to the console.</doc>
<arguments>
<arg>${one.text}</arg>
</arguments>
<status status="PASS" starttime="20200808 23:02:53.108" endtime="20200808 23:02:53.129"></status>
</kw>
<status status="PASS" starttime="20200808 23:02:53.108" endtime="20200808 23:02:53.129"></status>
</kw>
<kw name="${one} = &lt;selenium.webdriver.remote.webelement.WebElement (session=&quot;a04c1e2565d93b3b17f71bab431a7c45&quot;, element=&quot;b9a1a57c-f819-4e09-aec7-d9cea9434852&quot;)&gt;" type="foritem">
<kw name="Log To Console" library="BuiltIn">
<doc>Logs the given message to the console.</doc>
<arguments>
<arg>${one.text}</arg>
</arguments>
<status status="PASS" starttime="20200808 23:02:53.129" endtime="20200808 23:02:53.169"></status>
</kw>
<status status="PASS" starttime="20200808 23:02:53.129" endtime="20200808 23:02:53.169"></status>
</kw>
<kw name="${one} = &lt;selenium.webdriver.remote.webelement.WebElement (session=&quot;a04c1e2565d93b3b17f71bab431a7c45&quot;, element=&quot;928bd6fe-e3cc-43c5-bfbd-3e3b9b26ff48&quot;)&gt;" type="foritem">
<kw name="Log To Console" library="BuiltIn">
<doc>Logs the given message to the console.</doc>
<arguments>
<arg>${one.text}</arg>
</arguments>
<status status="PASS" starttime="20200808 23:02:53.170" endtime="20200808 23:02:53.191"></status>
</kw>
<status status="PASS" starttime="20200808 23:02:53.169" endtime="20200808 23:02:53.191"></status>
</kw>
<kw name="${one} = &lt;selenium.webdriver.remote.webelement.WebElement (session=&quot;a04c1e2565d93b3b17f71bab431a7c45&quot;, element=&quot;f07868c3-14fd-4b6b-8ee1-d5e4df4c992d&quot;)&gt;" type="foritem">
<kw name="Log To Console" library="BuiltIn">
<doc>Logs the given message to the console.</doc>
<arguments>
<arg>${one.text}</arg>
</arguments>
<status status="PASS" starttime="20200808 23:02:53.192" endtime="20200808 23:02:53.215"></status>
</kw>
<status status="PASS" starttime="20200808 23:02:53.192" endtime="20200808 23:02:53.215"></status>
</kw>
<kw name="${one} = &lt;selenium.webdriver.remote.webelement.WebElement (session=&quot;a04c1e2565d93b3b17f71bab431a7c45&quot;, element=&quot;990ea9e1-1b7d-451e-b988-cc9d8eb43c41&quot;)&gt;" type="foritem">
<kw name="Log To Console" library="BuiltIn">
<doc>Logs the given message to the console.</doc>
<arguments>
<arg>${one.text}</arg>
</arguments>
<status status="PASS" starttime="20200808 23:02:53.215" endtime="20200808 23:02:53.252"></status>
</kw>
<status status="PASS" starttime="20200808 23:02:53.215" endtime="20200808 23:02:53.252"></status>
</kw>
<status status="PASS" starttime="20200808 23:02:52.912" endtime="20200808 23:02:53.252"></status>
</kw>
<kw name="Close Browser" library="SeleniumLibrary">
<doc>Closes the current browser.</doc>
<status status="PASS" starttime="20200808 23:02:53.253" endtime="20200808 23:02:56.667"></status>
</kw>
<status status="PASS" starttime="20200808 23:02:48.598" endtime="20200808 23:02:56.668" critical="yes"></status>
</test>
<status status="PASS" starttime="20200808 23:02:45.670" endtime="20200808 23:02:56.671"></status>
</suite>
<statistics>
<total>
<stat pass="2" fail="0">Critical Tests</stat>
<stat pass="2" fail="0">All Tests</stat>
</total>
<tag>
</tag>
<suite>
<stat pass="2" fail="0" id="s1" name="Task 002">Task 002</stat>
</suite>
</statistics>
<errors>
</errors>
</robot>
